<?xml version="1.0" encoding="UTF-8"?>
<testng-results ignored="0" total="1" passed="1" failed="0" skipped="0">
  <reporter-output>
  </reporter-output>
  <suite started-at="2024-10-01T22:03:02 IST" name="Default suite" finished-at="2024-10-01T22:04:16 IST" duration-ms="73604">
    <groups>
    </groups>
    <test started-at="2024-10-01T22:03:02 IST" name="Default test" finished-at="2024-10-01T22:04:16 IST" duration-ms="73604">
      <class name="testpkg.Saucetest">
        <test-method is-config="true" signature="setup()[pri:0, instance:testpkg.Saucetest@76a4ebf2]" started-at="2024-10-01T22:03:02 IST" name="setup" finished-at="2024-10-01T22:03:35 IST" duration-ms="33198" status="PASS">
          <reporter-output>
          </reporter-output>
        </test-method> <!-- setup -->
        <test-method signature="test()[pri:0, instance:testpkg.Saucetest@76a4ebf2]" started-at="2024-10-01T22:03:36 IST" name="test" finished-at="2024-10-01T22:04:16 IST" duration-ms="39708" status="PASS">
          <reporter-output>
          </reporter-output>
        </test-method> <!-- test -->
      </class> <!-- testpkg.Saucetest -->
    </test> <!-- Default test -->
  </suite> <!-- Default suite -->
</testng-results>
